<?xml version="1.0" encoding="UTF-8"?>
<!-- Generated by org.testng.reporters.JUnitReportReporter -->
<testsuite hostname="BANLWE7524300F" name="com.intuit.ebs.wft.WorkforceHRApps.tests.service.WDLaunchIntegrationTest" tests="2" failures="0" timestamp="31 Oct 2017 05:33:49 GMT" time="8.707" errors="0">
  <testcase name="testIntuitCCMSIOutboundLaunch" time="3.556" classname="com.intuit.ebs.wft.WorkforceHRApps.tests.service.WDLaunchIntegrationTest"/>
  <testcase name="testGloboforce_OutboundLaunch" time="5.151" classname="com.intuit.ebs.wft.WorkforceHRApps.tests.service.WDLaunchIntegrationTest"/>
</testsuite> <!-- com.intuit.ebs.wft.WorkforceHRApps.tests.service.WDLaunchIntegrationTest -->
